<?xml version="1.0" encoding="UTF-8"?>
<coverage generated="1698709858425" clover="3.2.0">
  <project timestamp="1698709858425" name="All files">
    <metrics statements="34" coveredstatements="33" conditionals="19" coveredconditionals="17" methods="10" coveredmethods="10" elements="63" coveredelements="60" complexity="0" loc="34" ncloc="34" packages="1" files="2" classes="2"/>
    <file name="Cpf.js" path="D:\santh\Documents\GitHub\CleanCode\Projeto\dist\src\Cpf.js">
      <metrics statements="27" coveredstatements="26" conditionals="12" coveredconditionals="11" methods="7" coveredmethods="7"/>
      <line num="2" count="2" type="stmt"/>
      <line num="5" count="7" type="cond" truecount="2" falsecount="0"/>
      <line num="6" count="6" type="stmt"/>
      <line num="7" count="1" type="stmt"/>
      <line num="10" count="7" type="cond" truecount="1" falsecount="1"/>
      <line num="11" count="0" type="stmt"/>
      <line num="12" count="7" type="stmt"/>
      <line num="13" count="7" type="cond" truecount="2" falsecount="0"/>
      <line num="14" count="2" type="stmt"/>
      <line num="15" count="5" type="cond" truecount="2" falsecount="0"/>
      <line num="16" count="2" type="stmt"/>
      <line num="17" count="3" type="stmt"/>
      <line num="18" count="3" type="stmt"/>
      <line num="19" count="3" type="stmt"/>
      <line num="20" count="3" type="stmt"/>
      <line num="21" count="3" type="stmt"/>
      <line num="24" count="6" type="stmt"/>
      <line num="25" count="6" type="stmt"/>
      <line num="26" count="66" type="cond" truecount="2" falsecount="0"/>
      <line num="27" count="57" type="stmt"/>
      <line num="29" count="6" type="stmt"/>
      <line num="30" count="6" type="cond" truecount="2" falsecount="0"/>
      <line num="33" count="7" type="stmt"/>
      <line num="36" count="7" type="stmt"/>
      <line num="39" count="5" type="stmt"/>
      <line num="40" count="28" type="stmt"/>
      <line num="43" count="2" type="stmt"/>
    </file>
    <file name="Order.js" path="D:\santh\Documents\GitHub\CleanCode\Projeto\dist\src\Order.js">
      <metrics statements="7" coveredstatements="7" conditionals="7" coveredconditionals="6" methods="3" coveredmethods="3"/>
      <line num="2" count="1" type="cond" truecount="3" falsecount="0"/>
      <line num="3" count="1" type="cond" truecount="3" falsecount="1"/>
      <line num="5" count="1" type="stmt"/>
      <line num="6" count="1" type="stmt"/>
      <line num="9" count="2" type="stmt"/>
      <line num="12" count="1" type="stmt"/>
      <line num="15" count="1" type="stmt"/>
    </file>
  </project>
</coverage>
