TN:
SF:dist\src\Cpf.js
FN:4,(anonymous_0)
FN:9,(anonymous_1)
FN:23,(anonymous_2)
FN:32,(anonymous_3)
FN:35,(anonymous_4)
FN:38,(anonymous_5)
FN:40,(anonymous_6)
FNF:7
FNH:7
FNDA:7,(anonymous_0)
FNDA:7,(anonymous_1)
FNDA:6,(anonymous_2)
FNDA:7,(anonymous_3)
FNDA:7,(anonymous_4)
FNDA:5,(anonymous_5)
FNDA:28,(anonymous_6)
DA:2,2
DA:5,7
DA:6,6
DA:7,1
DA:10,7
DA:11,0
DA:12,7
DA:13,7
DA:14,2
DA:15,5
DA:16,2
DA:17,3
DA:18,3
DA:19,3
DA:20,3
DA:21,3
DA:24,6
DA:25,6
DA:26,66
DA:27,57
DA:29,6
DA:30,6
DA:33,7
DA:36,7
DA:39,5
DA:40,28
DA:43,2
LF:27
LH:26
BRDA:5,0,0,6
BRDA:5,0,1,1
BRDA:10,1,0,0
BRDA:10,1,1,7
BRDA:13,2,0,2
BRDA:13,2,1,5
BRDA:15,3,0,2
BRDA:15,3,1,3
BRDA:26,4,0,57
BRDA:26,4,1,9
BRDA:30,5,0,2
BRDA:30,5,1,4
BRF:12
BRH:11
end_of_record
TN:
SF:dist\src\Order.js
FN:2,(anonymous_0)
FN:8,(anonymous_1)
FN:11,(anonymous_2)
FNF:3
FNH:3
FNDA:1,(anonymous_0)
FNDA:2,(anonymous_1)
FNDA:1,(anonymous_2)
DA:2,1
DA:3,1
DA:5,1
DA:6,1
DA:9,2
DA:12,1
DA:15,1
LF:7
LH:7
BRDA:2,0,0,1
BRDA:2,0,1,1
BRDA:2,0,2,1
BRDA:3,1,0,1
BRDA:3,1,1,0
BRDA:3,2,0,1
BRDA:3,2,1,1
BRF:7
BRH:6
end_of_record
